<?xml version="1.0" encoding="UTF-8"?>
<!-- Generated by org.testng.reporters.JUnitReportReporter -->
<testsuite hostname="MISHRA" failures="0" tests="1" name="zohocrm.testscript.javascriptloginaction" time="5.186" errors="0" timestamp="2023-01-12T12:31:54 IST" skipped="0">
  <testcase classname="zohocrm.testscript.javascriptloginaction" name="loginbyjavascript" time="5.186"/>
  <system-out/>
</testsuite> <!-- zohocrm.testscript.javascriptloginaction -->
