<?xml version="1.0" encoding="UTF-8"?>
<!-- Generated by org.testng.reporters.JUnitReportReporter -->
<testsuite hostname="MISHRA" failures="0" tests="1" name="zohocrm.testscript.excelsheet" time="1.039" errors="0" timestamp="2023-01-11T23:24:41 IST" skipped="0">
  <testcase classname="zohocrm.testscript.excelsheet" name="excel" time="1.039"/>
  <system-out/>
</testsuite> <!-- zohocrm.testscript.excelsheet -->
