<?xml version="1.0" encoding="UTF-8"?>
<!-- Generated by org.testng.reporters.JUnitReportReporter -->
<testsuite hostname="MISHRA" failures="0" tests="1" name="zohocrm.testscript.amazon" time="5.104" errors="0" timestamp="2023-01-12T12:56:17 IST" skipped="0">
  <testcase classname="zohocrm.testscript.amazon" name="dynamic" time="5.104"/>
  <system-out/>
</testsuite> <!-- zohocrm.testscript.amazon -->
