<?xml version="1.0" encoding="UTF-8"?>
<!-- Generated by org.testng.reporters.JUnitReportReporter -->
<testsuite hostname="MISHRA" failures="0" tests="1" name="zohocrm.testscript.zohoCRM" time="5.083" errors="0" timestamp="2023-01-11T23:16:25 IST" skipped="0">
  <testcase classname="zohocrm.testscript.zohoCRM" name="actions" time="5.083"/>
  <system-out/>
</testsuite> <!-- zohocrm.testscript.zohoCRM -->
