<?xml version="1.0" encoding="UTF-8"?>
<!-- Generated by org.testng.reporters.JUnitReportReporter -->
<testsuite hostname="MISHRA" failures="0" tests="1" name="zohocrm.testscript.windowhandle" time="8.565" errors="0" timestamp="2023-01-11T23:46:26 IST" skipped="0">
  <testcase classname="zohocrm.testscript.windowhandle" name="allhandle" time="8.565"/>
  <system-out/>
</testsuite> <!-- zohocrm.testscript.windowhandle -->
