<?xml version="1.0" encoding="UTF-8"?>
<!-- Generated by org.testng.reporters.JUnitReportReporter -->
<testsuite hostname="MISHRA" failures="0" tests="1" name="zohocrm.testscript.handling" time="6.392" errors="0" timestamp="2023-01-12T11:52:05 IST" skipped="0">
  <testcase classname="zohocrm.testscript.handling" name="layoff" time="6.392"/>
  <system-out/>
</testsuite> <!-- zohocrm.testscript.handling -->
