<?xml version="1.0" encoding="UTF-8"?>
<!-- Generated by org.testng.reporters.JUnitReportReporter -->
<testsuite hostname="MISHRA" failures="0" tests="1" name="zohocrm.testscript.naukrifile" time="2.023" errors="0" timestamp="2023-01-12T11:17:19 IST" skipped="0">
  <testcase classname="zohocrm.testscript.naukrifile" name="naukri" time="2.023"/>
  <system-out/>
</testsuite> <!-- zohocrm.testscript.naukrifile -->
